ERROR:root:TextIOWrapper.write() takes exactly one argument (2 given)
ERROR:root:'data' object has no attribute 'name'
ERROR:root:'data' object has no attribute 'name'
ERROR:root:'data' object has no attribute 'name'
ERROR:root:'data' object has no attribute 'name'
ERROR:root:message
ERROR:root:'data' object has no attribute 'name'
ERROR:root:'data' object has no attribute 'name'
ERROR:root:message
ERROR:root:'data' object has no attribute 'name'
ERROR:root:'data' object has no attribute 'name'
ERROR:root:message
ERROR:root:'data' object has no attribute 'name'
ERROR:root:'data' object has no attribute 'name'
ERROR:root:message
ERROR:root:'data' object has no attribute 'name'
ERROR:root:message
ERROR:root:'data' object has no attribute 'name'
ERROR:root:message
ERROR:root:'data' object has no attribute 'name'
ERROR:root:'data' object has no attribute 'name'
ERROR:root:message
ERROR:root:'data' object has no attribute 'name'
ERROR:root:'data' object has no attribute 'name'
ERROR:root:message
ERROR:root:'data' object has no attribute 'name'
ERROR:root:'data' object has no attribute 'name'
ERROR:root:new
ERROR:root:'data' object has no attribute 'name'
ERROR:root:'data' object has no attribute 'name'
ERROR:root:new
ERROR:root:'data' object has no attribute 'name'
ERROR:root:'data' object has no attribute 'name'
ERROR:root:new hello world
ERROR:root:'data' object has no attribute 'name'
ERROR:root:'data' object has no attribute 'name'
ERROR:root:new hello world
ERROR:root:'data' object has no attribute 'name'
ERROR:root:'data' object has no attribute 'name'
ERROR:root:new hello world
ERROR:root:new hello world
ERROR:root:Hello gerry
ERROR:root:Hello gerry
